Arguments: 
  /home/olivierb/.nvm/versions/node/v14.17.5/bin/node /home/olivierb/.nvm/versions/node/v14.17.5/bin/yarn add http://builder/hug-angular/npm/hug-angular-lib-0.0.2.tgz

PATH: 
  /home/olivierb/.nvm/versions/node/v14.17.5/bin:/usr/local/bin:/usr/bin:/bin:/usr/local/games:/usr/games:/home/olivierb/.local/bin:/home/olivierb/.antigen/bundles/robbyrussell/oh-my-zsh/lib:/home/olivierb/.antigen/bundles/robbyrussell/oh-my-zsh/plugins/git:/home/olivierb/.antigen/bundles/robbyrussell/oh-my-zsh/plugins/pip:/home/olivierb/.antigen/bundles/robbyrussell/oh-my-zsh/plugins/lein:/home/olivierb/.antigen/bundles/robbyrussell/oh-my-zsh/plugins/command-not-found:/home/olivierb/.antigen/bundles/lukechilds/zsh-nvm:/home/olivierb/.antigen/bundles/zsh-users/zsh-syntax-highlighting

Yarn version: 
  1.22.11

Node version: 
  14.17.5

Platform: 
  linux x64

Trace: 
  Error: https://projects.iabsis.com/repository/hug-angular/npm/hug-angular-lib-0.0.2.tgz: Request failed "401 Unauthorized"
      at ResponseError.ExtendableBuiltin (/home/olivierb/.nvm/versions/node/v14.17.5/lib/node_modules/yarn/lib/cli.js:696:66)
      at new ResponseError (/home/olivierb/.nvm/versions/node/v14.17.5/lib/node_modules/yarn/lib/cli.js:802:124)
      at Request.<anonymous> (/home/olivierb/.nvm/versions/node/v14.17.5/lib/node_modules/yarn/lib/cli.js:67062:16)
      at Request.emit (events.js:400:28)
      at Request.module.exports.Request.onRequestResponse (/home/olivierb/.nvm/versions/node/v14.17.5/lib/node_modules/yarn/lib/cli.js:141640:10)
      at ClientRequest.emit (events.js:400:28)
      at HTTPParser.parserOnIncomingClient (_http_client.js:647:27)
      at HTTPParser.parserOnHeadersComplete (_http_common.js:126:17)
      at TLSSocket.socketOnData (_http_client.js:515:22)
      at TLSSocket.emit (events.js:400:28)

npm manifest: 
  {
    "name": "hug-at-home",
    "version": "0.0.0",
    "scripts": {
      "ng": "ng",
      "start": "ng serve",
      "build": "ng build",
      "test": "ng test",
      "lint": "ng lint",
      "e2e": "ng e2e",
      "i18n:init": "ngx-translate-extract --input ./src --output ./src/assets/i18n/template.json --key-as-default-value --replace --format namespaced-json",
      "i18n:extract": "ngx-translate-extract --input ./src --output ./src/assets/i18n/{en,fr}.json   --format namespaced-json"
    },
    "private": true,
    "dependencies": {
      "@angular/animations": "^9.1.13",
      "@angular/cdk": "^9.1.3",
      "@angular/common": "~9.1.13",
      "@angular/compiler": "~9.1.13",
      "@angular/core": "~9.1.13",
      "@angular/forms": "~9.1.13",
      "@angular/material": "^9.1.3",
      "@angular/platform-browser": "~9.1.13",
      "@angular/platform-browser-dynamic": "~9.1.13",
      "@angular/router": "~9.1.13",
      "@ngx-translate/core": "^12.1.2",
      "@ngx-translate/http-loader": "^4.0.0",
      "@schematics/angular": "^11.0.5",
      "core-js": "^2.5.4",
      "flag-icon-css": "^3.4.6",
      "html2canvas": "^1.0.0-rc.1",
      "hug-angular-lib": "https://projects.iabsis.com/repository/hug-angular/npm/hug-angular-lib-0.0.2.tgz",
      "jquery": "^3.5.1",
      "jspdf": "^1.5.3",
      "moment": "^2.24.0",
      "ng-pick-datetime": "^7.0.0",
      "ngx-pagination": "^5.0.0",
      "rxjs": "~6.6.3",
      "sails.io.js": "^1.2.1",
      "socket.io-client": "^2.4.0",
      "subsink": "^1.0.0",
      "zone.js": "~0.10.2"
    },
    "devDependencies": {
      "@angular-devkit/build-angular": "^0.901.13",
      "@angular/cli": "~9.1.13",
      "@angular/compiler-cli": "~9.1.13",
      "@angular/language-service": "~9.1.13",
      "@biesbjerg/ngx-translate-extract": "^7.0.2",
      "@types/jasmine": "~2.8.8",
      "@types/jasminewd2": "~2.0.3",
      "@types/node": "^12.11.1",
      "codelyzer": "^5.1.2",
      "jasmine-core": "~2.99.1",
      "jasmine-spec-reporter": "~4.2.1",
      "karma": "~4.0.0",
      "karma-chrome-launcher": "~2.2.0",
      "karma-coverage-istanbul-reporter": "~2.0.1",
      "karma-jasmine": "~1.1.2",
      "karma-jasmine-html-reporter": "^0.2.2",
      "node-sass": "^4.12.0",
      "protractor": "~5.4.0",
      "ts-node": "~7.0.0",
      "tslint": "~5.11.0",
      "typescript": "^3.8.3",
      "wait-on": "^5.2.0"
    }
  }

yarn manifest: 
  No manifest

Lockfile: 
  No lockfile
